Copyright 1986-2022 Xilinx, Inc. All Rights Reserved. Copyright 2022-2025 Advanced Micro Devices, Inc. All Rights Reserved.
---------------------------------------------------------------------------------------------------------------------------------------------------------------------------------------------------------------------------------
| Tool Version : Vivado v.2025.1 (win64) Build 6140274 Thu May 22 00:12:29 MDT 2025
| Date         : Thu Nov 13 17:28:13 2025
| Host         : inspiron14 running 64-bit major release  (build 9200)
| Command      : report_timing_summary -max_paths 10 -routable_nets -report_unconstrained -file Decoder_timing_summary_routed.rpt -pb Decoder_timing_summary_routed.pb -rpx Decoder_timing_summary_routed.rpx -warn_on_violation
| Design       : Decoder
| Device       : 7a100t-csg324
| Speed File   : -1  PRODUCTION 1.23 2018-06-13
| Design State : Routed
---------------------------------------------------------------------------------------------------------------------------------------------------------------------------------------------------------------------------------

Timing Summary Report

------------------------------------------------------------------------------------------------
| Timer Settings
| --------------
------------------------------------------------------------------------------------------------

  Enable Multi Corner Analysis               :  Yes
  Enable Pessimism Removal                   :  Yes
  Pessimism Removal Resolution               :  Nearest Common Node
  Enable Input Delay Default Clock           :  No
  Enable Preset / Clear Arcs                 :  No
  Disable Flight Delays                      :  No
  Ignore I/O Paths                           :  No
  Timing Early Launch at Borrowing Latches   :  No
  Borrow Time for Max Delay Exceptions       :  Yes
  Merge Timing Exceptions                    :  Yes
  Inter-SLR Compensation                     :  Conservative

  Corner  Analyze    Analyze    
  Name    Max Paths  Min Paths  
  ------  ---------  ---------  
  Slow    Yes        Yes        
  Fast    Yes        Yes        


------------------------------------------------------------------------------------------------
| Report Methodology
| ------------------
------------------------------------------------------------------------------------------------

No report available as report_methodology has not been run prior. Run report_methodology on the current design for the summary of methodology violations.



check_timing report

Table of Contents
-----------------
1. checking no_clock (0)
2. checking constant_clock (0)
3. checking pulse_width_clock (0)
4. checking unconstrained_internal_endpoints (0)
5. checking no_input_delay (0)
6. checking no_output_delay (0)
7. checking multiple_clock (0)
8. checking generated_clocks (0)
9. checking loops (0)
10. checking partial_input_delay (0)
11. checking partial_output_delay (0)
12. checking latch_loops (0)

1. checking no_clock (0)
------------------------
 There are 0 register/latch pins with no clock.


2. checking constant_clock (0)
------------------------------
 There are 0 register/latch pins with constant_clock.


3. checking pulse_width_clock (0)
---------------------------------
 There are 0 register/latch pins which need pulse_width check


4. checking unconstrained_internal_endpoints (0)
------------------------------------------------
 There are 0 pins that are not constrained for maximum delay.

 There are 0 pins that are not constrained for maximum delay due to constant clock.


5. checking no_input_delay (0)
------------------------------
 There are 0 input ports with no input delay specified.

 There are 0 input ports with no input delay but user has a false path constraint.


6. checking no_output_delay (0)
-------------------------------
 There are 0 ports with no output delay specified.

 There are 0 ports with no output delay but user has a false path constraint

 There are 0 ports with no output delay but with a timing clock defined on it or propagating through it


7. checking multiple_clock (0)
------------------------------
 There are 0 register/latch pins with multiple clocks.


8. checking generated_clocks (0)
--------------------------------
 There are 0 generated clocks that are not connected to a clock source.


9. checking loops (0)
---------------------
 There are 0 combinational loops in the design.


10. checking partial_input_delay (0)
------------------------------------
 There are 0 input ports with partial input delay specified.


11. checking partial_output_delay (0)
-------------------------------------
 There are 0 ports with partial output delay specified.


12. checking latch_loops (0)
----------------------------
 There are 0 combinational latch loops in the design through latch input



------------------------------------------------------------------------------------------------
| Design Timing Summary
| ---------------------
------------------------------------------------------------------------------------------------

    WNS(ns)      TNS(ns)  TNS Failing Endpoints  TNS Total Endpoints      WHS(ns)      THS(ns)  THS Failing Endpoints  THS Total Endpoints     WPWS(ns)     TPWS(ns)  TPWS Failing Endpoints  TPWS Total Endpoints  
    -------      -------  ---------------------  -------------------      -------      -------  ---------------------  -------------------     --------     --------  ----------------------  --------------------  
        inf        0.000                      0                   21          inf        0.000                      0                   21           NA           NA                      NA                    NA  


There are no user specified timing constraints.


------------------------------------------------------------------------------------------------
| Clock Summary
| -------------
------------------------------------------------------------------------------------------------


------------------------------------------------------------------------------------------------
| Intra Clock Table
| -----------------
------------------------------------------------------------------------------------------------

Clock             WNS(ns)      TNS(ns)  TNS Failing Endpoints  TNS Total Endpoints      WHS(ns)      THS(ns)  THS Failing Endpoints  THS Total Endpoints     WPWS(ns)     TPWS(ns)  TPWS Failing Endpoints  TPWS Total Endpoints  
-----             -------      -------  ---------------------  -------------------      -------      -------  ---------------------  -------------------     --------     --------  ----------------------  --------------------  


------------------------------------------------------------------------------------------------
| Inter Clock Table
| -----------------
------------------------------------------------------------------------------------------------

From Clock    To Clock          WNS(ns)      TNS(ns)  TNS Failing Endpoints  TNS Total Endpoints      WHS(ns)      THS(ns)  THS Failing Endpoints  THS Total Endpoints  
----------    --------          -------      -------  ---------------------  -------------------      -------      -------  ---------------------  -------------------  


------------------------------------------------------------------------------------------------
| Other Path Groups Table
| -----------------------
------------------------------------------------------------------------------------------------

Path Group    From Clock    To Clock          WNS(ns)      TNS(ns)  TNS Failing Endpoints  TNS Total Endpoints      WHS(ns)      THS(ns)  THS Failing Endpoints  THS Total Endpoints  
----------    ----------    --------          -------      -------  ---------------------  -------------------      -------      -------  ---------------------  -------------------  


------------------------------------------------------------------------------------------------
| User Ignored Path Table
| -----------------------
------------------------------------------------------------------------------------------------

Path Group    From Clock    To Clock    
----------    ----------    --------    


------------------------------------------------------------------------------------------------
| Unconstrained Path Table
| ------------------------
------------------------------------------------------------------------------------------------

Path Group    From Clock    To Clock    
----------    ----------    --------    
(none)                                    


------------------------------------------------------------------------------------------------
| Timing Details
| --------------
------------------------------------------------------------------------------------------------


--------------------------------------------------------------------------------------
Path Group:  (none)
From Clock:  
  To Clock:  

Max Delay            21 Endpoints
Min Delay            21 Endpoints
--------------------------------------------------------------------------------------


Max Delay Paths
--------------------------------------------------------------------------------------
Slack:                    inf
  Source:                 posit_in[14]
                            (input port)
  Destination:            mantissa[1]
                            (output port)
  Path Group:             (none)
  Path Type:              Max at Slow Process Corner
  Data Path Delay:        12.746ns  (logic 4.508ns (35.373%)  route 8.237ns (64.627%))
  Logic Levels:           7  (IBUF=1 LUT3=1 LUT5=1 LUT6=3 OBUF=1)

    Location             Delay type                Incr(ns)  Path(ns)    Netlist Resource(s)
  -------------------------------------------------------------------    -------------------
    T18                                               0.000     0.000 r  posit_in[14] (IN)
                         net (fo=0)                   0.000     0.000    posit_in[14]
    T18                  IBUF (Prop_ibuf_I_O)         0.982     0.982 r  posit_in_IBUF[14]_inst/O
                         net (fo=28, routed)          2.051     3.034    posit_in_IBUF[14]
    SLICE_X3Y71          LUT5 (Prop_lut5_I2_O)        0.124     3.158 f  regime_OBUF[3]_inst_i_6/O
                         net (fo=3, routed)           0.962     4.119    regime_OBUF[3]_inst_i_6_n_0
    SLICE_X3Y72          LUT6 (Prop_lut6_I1_O)        0.124     4.243 f  regime_OBUF[0]_inst_i_2/O
                         net (fo=3, routed)           0.676     4.919    regime_OBUF[0]_inst_i_2_n_0
    SLICE_X2Y72          LUT6 (Prop_lut6_I0_O)        0.124     5.043 r  regime_OBUF[0]_inst_i_1/O
                         net (fo=26, routed)          1.585     6.628    regime_OBUF[0]
    SLICE_X0Y69          LUT3 (Prop_lut3_I1_O)        0.152     6.780 f  mantissa_OBUF[3]_inst_i_2/O
                         net (fo=3, routed)           0.840     7.620    mantissa_OBUF[3]_inst_i_2_n_0
    SLICE_X0Y68          LUT6 (Prop_lut6_I5_O)        0.332     7.952 r  mantissa_OBUF[1]_inst_i_1/O
                         net (fo=1, routed)           2.123    10.075    mantissa_OBUF[1]
    T10                  OBUF (Prop_obuf_I_O)         2.670    12.746 r  mantissa_OBUF[1]_inst/O
                         net (fo=0)                   0.000    12.746    mantissa[1]
    T10                                                               r  mantissa[1] (OUT)
  -------------------------------------------------------------------    -------------------

Slack:                    inf
  Source:                 posit_in[14]
                            (input port)
  Destination:            saddcin
                            (output port)
  Path Group:             (none)
  Path Type:              Max at Slow Process Corner
  Data Path Delay:        12.713ns  (logic 4.371ns (34.384%)  route 8.341ns (65.616%))
  Logic Levels:           8  (IBUF=1 LUT5=1 LUT6=5 OBUF=1)

    Location             Delay type                Incr(ns)  Path(ns)    Netlist Resource(s)
  -------------------------------------------------------------------    -------------------
    T18                                               0.000     0.000 r  posit_in[14] (IN)
                         net (fo=0)                   0.000     0.000    posit_in[14]
    T18                  IBUF (Prop_ibuf_I_O)         0.982     0.982 r  posit_in_IBUF[14]_inst/O
                         net (fo=28, routed)          2.051     3.034    posit_in_IBUF[14]
    SLICE_X3Y71          LUT5 (Prop_lut5_I2_O)        0.124     3.158 f  regime_OBUF[3]_inst_i_6/O
                         net (fo=3, routed)           0.962     4.119    regime_OBUF[3]_inst_i_6_n_0
    SLICE_X3Y72          LUT6 (Prop_lut6_I1_O)        0.124     4.243 f  regime_OBUF[0]_inst_i_2/O
                         net (fo=3, routed)           0.676     4.919    regime_OBUF[0]_inst_i_2_n_0
    SLICE_X2Y72          LUT6 (Prop_lut6_I0_O)        0.124     5.043 r  regime_OBUF[0]_inst_i_1/O
                         net (fo=26, routed)          1.547     6.590    regime_OBUF[0]
    SLICE_X2Y69          LUT6 (Prop_lut6_I3_O)        0.124     6.714 f  mantissa_OBUF[4]_inst_i_2/O
                         net (fo=2, routed)           0.582     7.296    mantissa_OBUF[4]_inst_i_2_n_0
    SLICE_X0Y69          LUT6 (Prop_lut6_I5_O)        0.124     7.420 f  mantissa_OBUF[3]_inst_i_1/O
                         net (fo=2, routed)           0.720     8.140    mantissa_OBUF[3]
    SLICE_X1Y69          LUT6 (Prop_lut6_I2_O)        0.124     8.264 r  saddcin_OBUF_inst_i_1/O
                         net (fo=1, routed)           1.804    10.068    saddcin_OBUF
    V15                  OBUF (Prop_obuf_I_O)         2.645    12.713 r  saddcin_OBUF_inst/O
                         net (fo=0)                   0.000    12.713    saddcin
    V15                                                               r  saddcin (OUT)
  -------------------------------------------------------------------    -------------------

Slack:                    inf
  Source:                 posit_in[14]
                            (input port)
  Destination:            mantissa[2]
                            (output port)
  Path Group:             (none)
  Path Type:              Max at Slow Process Corner
  Data Path Delay:        12.579ns  (logic 4.506ns (35.820%)  route 8.073ns (64.180%))
  Logic Levels:           7  (IBUF=1 LUT3=1 LUT5=1 LUT6=3 OBUF=1)

    Location             Delay type                Incr(ns)  Path(ns)    Netlist Resource(s)
  -------------------------------------------------------------------    -------------------
    T18                                               0.000     0.000 r  posit_in[14] (IN)
                         net (fo=0)                   0.000     0.000    posit_in[14]
    T18                  IBUF (Prop_ibuf_I_O)         0.982     0.982 r  posit_in_IBUF[14]_inst/O
                         net (fo=28, routed)          2.051     3.034    posit_in_IBUF[14]
    SLICE_X3Y71          LUT5 (Prop_lut5_I2_O)        0.124     3.158 f  regime_OBUF[3]_inst_i_6/O
                         net (fo=3, routed)           0.962     4.119    regime_OBUF[3]_inst_i_6_n_0
    SLICE_X3Y72          LUT6 (Prop_lut6_I1_O)        0.124     4.243 f  regime_OBUF[0]_inst_i_2/O
                         net (fo=3, routed)           0.676     4.919    regime_OBUF[0]_inst_i_2_n_0
    SLICE_X2Y72          LUT6 (Prop_lut6_I0_O)        0.124     5.043 r  regime_OBUF[0]_inst_i_1/O
                         net (fo=26, routed)          1.585     6.628    regime_OBUF[0]
    SLICE_X0Y69          LUT3 (Prop_lut3_I1_O)        0.152     6.780 f  mantissa_OBUF[3]_inst_i_2/O
                         net (fo=3, routed)           0.675     7.455    mantissa_OBUF[3]_inst_i_2_n_0
    SLICE_X0Y68          LUT6 (Prop_lut6_I3_O)        0.332     7.787 r  mantissa_OBUF[2]_inst_i_1/O
                         net (fo=1, routed)           2.124     9.911    mantissa_OBUF[2]
    T9                   OBUF (Prop_obuf_I_O)         2.667    12.579 r  mantissa_OBUF[2]_inst/O
                         net (fo=0)                   0.000    12.579    mantissa[2]
    T9                                                                r  mantissa[2] (OUT)
  -------------------------------------------------------------------    -------------------

Slack:                    inf
  Source:                 posit_in[14]
                            (input port)
  Destination:            mantissa[3]
                            (output port)
  Path Group:             (none)
  Path Type:              Max at Slow Process Corner
  Data Path Delay:        12.566ns  (logic 4.249ns (33.810%)  route 8.318ns (66.190%))
  Logic Levels:           7  (IBUF=1 LUT5=1 LUT6=4 OBUF=1)

    Location             Delay type                Incr(ns)  Path(ns)    Netlist Resource(s)
  -------------------------------------------------------------------    -------------------
    T18                                               0.000     0.000 r  posit_in[14] (IN)
                         net (fo=0)                   0.000     0.000    posit_in[14]
    T18                  IBUF (Prop_ibuf_I_O)         0.982     0.982 r  posit_in_IBUF[14]_inst/O
                         net (fo=28, routed)          2.051     3.034    posit_in_IBUF[14]
    SLICE_X3Y71          LUT5 (Prop_lut5_I2_O)        0.124     3.158 f  regime_OBUF[3]_inst_i_6/O
                         net (fo=3, routed)           0.962     4.119    regime_OBUF[3]_inst_i_6_n_0
    SLICE_X3Y72          LUT6 (Prop_lut6_I1_O)        0.124     4.243 f  regime_OBUF[0]_inst_i_2/O
                         net (fo=3, routed)           0.676     4.919    regime_OBUF[0]_inst_i_2_n_0
    SLICE_X2Y72          LUT6 (Prop_lut6_I0_O)        0.124     5.043 r  regime_OBUF[0]_inst_i_1/O
                         net (fo=26, routed)          1.547     6.590    regime_OBUF[0]
    SLICE_X2Y69          LUT6 (Prop_lut6_I3_O)        0.124     6.714 r  mantissa_OBUF[4]_inst_i_2/O
                         net (fo=2, routed)           0.582     7.296    mantissa_OBUF[4]_inst_i_2_n_0
    SLICE_X0Y69          LUT6 (Prop_lut6_I5_O)        0.124     7.420 r  mantissa_OBUF[3]_inst_i_1/O
                         net (fo=2, routed)           2.500     9.920    mantissa_OBUF[3]
    U13                  OBUF (Prop_obuf_I_O)         2.646    12.566 r  mantissa_OBUF[3]_inst/O
                         net (fo=0)                   0.000    12.566    mantissa[3]
    U13                                                               r  mantissa[3] (OUT)
  -------------------------------------------------------------------    -------------------

Slack:                    inf
  Source:                 posit_in[14]
                            (input port)
  Destination:            mantissa[5]
                            (output port)
  Path Group:             (none)
  Path Type:              Max at Slow Process Corner
  Data Path Delay:        12.250ns  (logic 4.250ns (34.689%)  route 8.001ns (65.311%))
  Logic Levels:           7  (IBUF=1 LUT5=1 LUT6=4 OBUF=1)

    Location             Delay type                Incr(ns)  Path(ns)    Netlist Resource(s)
  -------------------------------------------------------------------    -------------------
    T18                                               0.000     0.000 r  posit_in[14] (IN)
                         net (fo=0)                   0.000     0.000    posit_in[14]
    T18                  IBUF (Prop_ibuf_I_O)         0.982     0.982 r  posit_in_IBUF[14]_inst/O
                         net (fo=28, routed)          2.051     3.034    posit_in_IBUF[14]
    SLICE_X3Y71          LUT5 (Prop_lut5_I2_O)        0.124     3.158 f  regime_OBUF[3]_inst_i_6/O
                         net (fo=3, routed)           0.962     4.119    regime_OBUF[3]_inst_i_6_n_0
    SLICE_X3Y72          LUT6 (Prop_lut6_I1_O)        0.124     4.243 f  regime_OBUF[0]_inst_i_2/O
                         net (fo=3, routed)           0.676     4.919    regime_OBUF[0]_inst_i_2_n_0
    SLICE_X2Y72          LUT6 (Prop_lut6_I0_O)        0.124     5.043 r  regime_OBUF[0]_inst_i_1/O
                         net (fo=26, routed)          0.997     6.040    regime_OBUF[0]
    SLICE_X0Y70          LUT6 (Prop_lut6_I3_O)        0.124     6.164 r  mantissa_OBUF[7]_inst_i_2/O
                         net (fo=6, routed)           1.377     7.541    mantissa_OBUF[7]_inst_i_2_n_0
    SLICE_X0Y67          LUT6 (Prop_lut6_I0_O)        0.124     7.665 r  mantissa_OBUF[5]_inst_i_1/O
                         net (fo=1, routed)           1.938     9.603    mantissa_OBUF[5]
    V14                  OBUF (Prop_obuf_I_O)         2.647    12.250 r  mantissa_OBUF[5]_inst/O
                         net (fo=0)                   0.000    12.250    mantissa[5]
    V14                                                               r  mantissa[5] (OUT)
  -------------------------------------------------------------------    -------------------

Slack:                    inf
  Source:                 posit_in[14]
                            (input port)
  Destination:            mantissa[6]
                            (output port)
  Path Group:             (none)
  Path Type:              Max at Slow Process Corner
  Data Path Delay:        12.222ns  (logic 4.248ns (34.756%)  route 7.974ns (65.244%))
  Logic Levels:           7  (IBUF=1 LUT5=1 LUT6=4 OBUF=1)

    Location             Delay type                Incr(ns)  Path(ns)    Netlist Resource(s)
  -------------------------------------------------------------------    -------------------
    T18                                               0.000     0.000 r  posit_in[14] (IN)
                         net (fo=0)                   0.000     0.000    posit_in[14]
    T18                  IBUF (Prop_ibuf_I_O)         0.982     0.982 r  posit_in_IBUF[14]_inst/O
                         net (fo=28, routed)          2.051     3.034    posit_in_IBUF[14]
    SLICE_X3Y71          LUT5 (Prop_lut5_I2_O)        0.124     3.158 f  regime_OBUF[3]_inst_i_6/O
                         net (fo=3, routed)           0.962     4.119    regime_OBUF[3]_inst_i_6_n_0
    SLICE_X3Y72          LUT6 (Prop_lut6_I1_O)        0.124     4.243 f  regime_OBUF[0]_inst_i_2/O
                         net (fo=3, routed)           0.676     4.919    regime_OBUF[0]_inst_i_2_n_0
    SLICE_X2Y72          LUT6 (Prop_lut6_I0_O)        0.124     5.043 r  regime_OBUF[0]_inst_i_1/O
                         net (fo=26, routed)          0.997     6.040    regime_OBUF[0]
    SLICE_X0Y70          LUT6 (Prop_lut6_I3_O)        0.124     6.164 r  mantissa_OBUF[7]_inst_i_2/O
                         net (fo=6, routed)           1.370     7.534    mantissa_OBUF[7]_inst_i_2_n_0
    SLICE_X0Y67          LUT6 (Prop_lut6_I5_O)        0.124     7.658 r  mantissa_OBUF[6]_inst_i_1/O
                         net (fo=1, routed)           1.918     9.576    mantissa_OBUF[6]
    U14                  OBUF (Prop_obuf_I_O)         2.645    12.222 r  mantissa_OBUF[6]_inst/O
                         net (fo=0)                   0.000    12.222    mantissa[6]
    U14                                                               r  mantissa[6] (OUT)
  -------------------------------------------------------------------    -------------------

Slack:                    inf
  Source:                 posit_in[14]
                            (input port)
  Destination:            mantissa[4]
                            (output port)
  Path Group:             (none)
  Path Type:              Max at Slow Process Corner
  Data Path Delay:        12.211ns  (logic 4.252ns (34.824%)  route 7.958ns (65.176%))
  Logic Levels:           7  (IBUF=1 LUT5=2 LUT6=3 OBUF=1)

    Location             Delay type                Incr(ns)  Path(ns)    Netlist Resource(s)
  -------------------------------------------------------------------    -------------------
    T18                                               0.000     0.000 r  posit_in[14] (IN)
                         net (fo=0)                   0.000     0.000    posit_in[14]
    T18                  IBUF (Prop_ibuf_I_O)         0.982     0.982 r  posit_in_IBUF[14]_inst/O
                         net (fo=28, routed)          2.051     3.034    posit_in_IBUF[14]
    SLICE_X3Y71          LUT5 (Prop_lut5_I2_O)        0.124     3.158 f  regime_OBUF[3]_inst_i_6/O
                         net (fo=3, routed)           0.962     4.119    regime_OBUF[3]_inst_i_6_n_0
    SLICE_X3Y72          LUT6 (Prop_lut6_I1_O)        0.124     4.243 f  regime_OBUF[0]_inst_i_2/O
                         net (fo=3, routed)           0.676     4.919    regime_OBUF[0]_inst_i_2_n_0
    SLICE_X2Y72          LUT6 (Prop_lut6_I0_O)        0.124     5.043 r  regime_OBUF[0]_inst_i_1/O
                         net (fo=26, routed)          0.997     6.040    regime_OBUF[0]
    SLICE_X0Y70          LUT6 (Prop_lut6_I3_O)        0.124     6.164 r  mantissa_OBUF[7]_inst_i_2/O
                         net (fo=6, routed)           1.040     7.204    mantissa_OBUF[7]_inst_i_2_n_0
    SLICE_X1Y68          LUT5 (Prop_lut5_I2_O)        0.124     7.328 r  mantissa_OBUF[4]_inst_i_1/O
                         net (fo=2, routed)           2.233     9.561    mantissa_OBUF[4]
    T13                  OBUF (Prop_obuf_I_O)         2.650    12.211 r  mantissa_OBUF[4]_inst/O
                         net (fo=0)                   0.000    12.211    mantissa[4]
    T13                                                               r  mantissa[4] (OUT)
  -------------------------------------------------------------------    -------------------

Slack:                    inf
  Source:                 posit_in[14]
                            (input port)
  Destination:            mantissa[8]
                            (output port)
  Path Group:             (none)
  Path Type:              Max at Slow Process Corner
  Data Path Delay:        12.193ns  (logic 4.502ns (36.927%)  route 7.690ns (63.073%))
  Logic Levels:           7  (IBUF=1 LUT5=2 LUT6=3 OBUF=1)

    Location             Delay type                Incr(ns)  Path(ns)    Netlist Resource(s)
  -------------------------------------------------------------------    -------------------
    T18                                               0.000     0.000 r  posit_in[14] (IN)
                         net (fo=0)                   0.000     0.000    posit_in[14]
    T18                  IBUF (Prop_ibuf_I_O)         0.982     0.982 r  posit_in_IBUF[14]_inst/O
                         net (fo=28, routed)          2.051     3.034    posit_in_IBUF[14]
    SLICE_X3Y71          LUT5 (Prop_lut5_I2_O)        0.124     3.158 f  regime_OBUF[3]_inst_i_6/O
                         net (fo=3, routed)           0.840     3.997    regime_OBUF[3]_inst_i_6_n_0
    SLICE_X3Y70          LUT6 (Prop_lut6_I2_O)        0.124     4.121 r  regime_OBUF[3]_inst_i_2/O
                         net (fo=9, routed)           0.853     4.974    regime_OBUF[3]_inst_i_2_n_0
    SLICE_X2Y71          LUT6 (Prop_lut6_I0_O)        0.124     5.098 r  exp_OBUF[1]_inst_i_9/O
                         net (fo=13, routed)          0.840     5.938    exp_OBUF[1]_inst_i_9_n_0
    SLICE_X1Y70          LUT5 (Prop_lut5_I1_O)        0.150     6.088 r  mantissa_OBUF[9]_inst_i_2/O
                         net (fo=7, routed)           1.184     7.272    mantissa_OBUF[9]_inst_i_2_n_0
    SLICE_X0Y68          LUT6 (Prop_lut6_I5_O)        0.326     7.598 r  mantissa_OBUF[8]_inst_i_1/O
                         net (fo=1, routed)           1.922     9.521    mantissa_OBUF[8]
    V10                  OBUF (Prop_obuf_I_O)         2.672    12.193 r  mantissa_OBUF[8]_inst/O
                         net (fo=0)                   0.000    12.193    mantissa[8]
    V10                                                               r  mantissa[8] (OUT)
  -------------------------------------------------------------------    -------------------

Slack:                    inf
  Source:                 posit_in[14]
                            (input port)
  Destination:            mantissa[9]
                            (output port)
  Path Group:             (none)
  Path Type:              Max at Slow Process Corner
  Data Path Delay:        12.095ns  (logic 4.494ns (37.153%)  route 7.601ns (62.847%))
  Logic Levels:           7  (IBUF=1 LUT5=2 LUT6=3 OBUF=1)

    Location             Delay type                Incr(ns)  Path(ns)    Netlist Resource(s)
  -------------------------------------------------------------------    -------------------
    T18                                               0.000     0.000 r  posit_in[14] (IN)
                         net (fo=0)                   0.000     0.000    posit_in[14]
    T18                  IBUF (Prop_ibuf_I_O)         0.982     0.982 r  posit_in_IBUF[14]_inst/O
                         net (fo=28, routed)          2.051     3.034    posit_in_IBUF[14]
    SLICE_X3Y71          LUT5 (Prop_lut5_I2_O)        0.124     3.158 f  regime_OBUF[3]_inst_i_6/O
                         net (fo=3, routed)           0.840     3.997    regime_OBUF[3]_inst_i_6_n_0
    SLICE_X3Y70          LUT6 (Prop_lut6_I2_O)        0.124     4.121 r  regime_OBUF[3]_inst_i_2/O
                         net (fo=9, routed)           0.853     4.974    regime_OBUF[3]_inst_i_2_n_0
    SLICE_X2Y71          LUT6 (Prop_lut6_I0_O)        0.124     5.098 r  exp_OBUF[1]_inst_i_9/O
                         net (fo=13, routed)          0.840     5.938    exp_OBUF[1]_inst_i_9_n_0
    SLICE_X1Y70          LUT5 (Prop_lut5_I1_O)        0.150     6.088 r  mantissa_OBUF[9]_inst_i_2/O
                         net (fo=7, routed)           0.952     7.040    mantissa_OBUF[9]_inst_i_2_n_0
    SLICE_X1Y68          LUT6 (Prop_lut6_I1_O)        0.326     7.366 r  mantissa_OBUF[9]_inst_i_1/O
                         net (fo=1, routed)           2.066     9.432    mantissa_OBUF[9]
    V12                  OBUF (Prop_obuf_I_O)         2.663    12.095 r  mantissa_OBUF[9]_inst/O
                         net (fo=0)                   0.000    12.095    mantissa[9]
    V12                                                               r  mantissa[9] (OUT)
  -------------------------------------------------------------------    -------------------

Slack:                    inf
  Source:                 posit_in[14]
                            (input port)
  Destination:            mantissa[7]
                            (output port)
  Path Group:             (none)
  Path Type:              Max at Slow Process Corner
  Data Path Delay:        12.074ns  (logic 4.264ns (35.318%)  route 7.810ns (64.682%))
  Logic Levels:           7  (IBUF=1 LUT5=1 LUT6=4 OBUF=1)

    Location             Delay type                Incr(ns)  Path(ns)    Netlist Resource(s)
  -------------------------------------------------------------------    -------------------
    T18                                               0.000     0.000 r  posit_in[14] (IN)
                         net (fo=0)                   0.000     0.000    posit_in[14]
    T18                  IBUF (Prop_ibuf_I_O)         0.982     0.982 r  posit_in_IBUF[14]_inst/O
                         net (fo=28, routed)          2.051     3.034    posit_in_IBUF[14]
    SLICE_X3Y71          LUT5 (Prop_lut5_I2_O)        0.124     3.158 f  regime_OBUF[3]_inst_i_6/O
                         net (fo=3, routed)           0.962     4.119    regime_OBUF[3]_inst_i_6_n_0
    SLICE_X3Y72          LUT6 (Prop_lut6_I1_O)        0.124     4.243 f  regime_OBUF[0]_inst_i_2/O
                         net (fo=3, routed)           0.676     4.919    regime_OBUF[0]_inst_i_2_n_0
    SLICE_X2Y72          LUT6 (Prop_lut6_I0_O)        0.124     5.043 r  regime_OBUF[0]_inst_i_1/O
                         net (fo=26, routed)          0.997     6.040    regime_OBUF[0]
    SLICE_X0Y70          LUT6 (Prop_lut6_I3_O)        0.124     6.164 r  mantissa_OBUF[7]_inst_i_2/O
                         net (fo=6, routed)           1.205     7.369    mantissa_OBUF[7]_inst_i_2_n_0
    SLICE_X0Y67          LUT6 (Prop_lut6_I1_O)        0.124     7.493 r  mantissa_OBUF[7]_inst_i_1/O
                         net (fo=1, routed)           1.919     9.412    mantissa_OBUF[7]
    V11                  OBUF (Prop_obuf_I_O)         2.662    12.074 r  mantissa_OBUF[7]_inst/O
                         net (fo=0)                   0.000    12.074    mantissa[7]
    V11                                                               r  mantissa[7] (OUT)
  -------------------------------------------------------------------    -------------------





Min Delay Paths
--------------------------------------------------------------------------------------
Slack:                    inf
  Source:                 posit_in[15]
                            (input port)
  Destination:            sign
                            (output port)
  Path Group:             (none)
  Path Type:              Min at Fast Process Corner
  Data Path Delay:        2.015ns  (logic 1.352ns (67.078%)  route 0.663ns (32.922%))
  Logic Levels:           2  (IBUF=1 OBUF=1)

    Location             Delay type                Incr(ns)  Path(ns)    Netlist Resource(s)
  -------------------------------------------------------------------    -------------------
    R18                                               0.000     0.000 r  posit_in[15] (IN)
                         net (fo=0)                   0.000     0.000    posit_in[15]
    R18                  IBUF (Prop_ibuf_I_O)         0.211     0.211 r  posit_in_IBUF[15]_inst/O
                         net (fo=6, routed)           0.663     0.874    sign_OBUF
    T16                  OBUF (Prop_obuf_I_O)         1.141     2.015 r  sign_OBUF_inst/O
                         net (fo=0)                   0.000     2.015    sign
    T16                                                               r  sign (OUT)
  -------------------------------------------------------------------    -------------------

Slack:                    inf
  Source:                 posit_in[0]
                            (input port)
  Destination:            chck
                            (output port)
  Path Group:             (none)
  Path Type:              Min at Fast Process Corner
  Data Path Delay:        2.335ns  (logic 1.531ns (65.587%)  route 0.804ns (34.413%))
  Logic Levels:           4  (IBUF=1 LUT4=1 LUT6=1 OBUF=1)

    Location             Delay type                Incr(ns)  Path(ns)    Netlist Resource(s)
  -------------------------------------------------------------------    -------------------
    T15                                               0.000     0.000 f  posit_in[0] (IN)
                         net (fo=0)                   0.000     0.000    posit_in[0]
    T15                  IBUF (Prop_ibuf_I_O)         0.213     0.213 f  posit_in_IBUF[0]_inst/O
                         net (fo=7, routed)           0.358     0.571    posit_in_IBUF[0]
    SLICE_X1Y71          LUT4 (Prop_lut4_I2_O)        0.049     0.620 f  chck_OBUF_inst_i_2/O
                         net (fo=1, routed)           0.086     0.705    chck_OBUF_inst_i_2_n_0
    SLICE_X1Y71          LUT6 (Prop_lut6_I0_O)        0.112     0.817 r  chck_OBUF_inst_i_1/O
                         net (fo=1, routed)           0.360     1.178    chck_OBUF
    V16                  OBUF (Prop_obuf_I_O)         1.157     2.335 r  chck_OBUF_inst/O
                         net (fo=0)                   0.000     2.335    chck
    V16                                                               r  chck (OUT)
  -------------------------------------------------------------------    -------------------

Slack:                    inf
  Source:                 posit_in[15]
                            (input port)
  Destination:            exp[0]
                            (output port)
  Path Group:             (none)
  Path Type:              Min at Fast Process Corner
  Data Path Delay:        2.427ns  (logic 1.414ns (58.277%)  route 1.012ns (41.723%))
  Logic Levels:           3  (IBUF=1 LUT6=1 OBUF=1)

    Location             Delay type                Incr(ns)  Path(ns)    Netlist Resource(s)
  -------------------------------------------------------------------    -------------------
    R18                                               0.000     0.000 r  posit_in[15] (IN)
                         net (fo=0)                   0.000     0.000    posit_in[15]
    R18                  IBUF (Prop_ibuf_I_O)         0.211     0.211 r  posit_in_IBUF[15]_inst/O
                         net (fo=6, routed)           0.661     0.872    sign_OBUF
    SLICE_X0Y68          LUT6 (Prop_lut6_I3_O)        0.045     0.917 r  exp_OBUF[0]_inst_i_1/O
                         net (fo=1, routed)           0.352     1.268    exp_OBUF[0]
    U18                  OBUF (Prop_obuf_I_O)         1.159     2.427 r  exp_OBUF[0]_inst/O
                         net (fo=0)                   0.000     2.427    exp[0]
    U18                                                               r  exp[0] (OUT)
  -------------------------------------------------------------------    -------------------

Slack:                    inf
  Source:                 posit_in[15]
                            (input port)
  Destination:            exp[1]
                            (output port)
  Path Group:             (none)
  Path Type:              Min at Fast Process Corner
  Data Path Delay:        2.482ns  (logic 1.420ns (57.215%)  route 1.062ns (42.785%))
  Logic Levels:           3  (IBUF=1 LUT6=1 OBUF=1)

    Location             Delay type                Incr(ns)  Path(ns)    Netlist Resource(s)
  -------------------------------------------------------------------    -------------------
    R18                                               0.000     0.000 r  posit_in[15] (IN)
                         net (fo=0)                   0.000     0.000    posit_in[15]
    R18                  IBUF (Prop_ibuf_I_O)         0.211     0.211 r  posit_in_IBUF[15]_inst/O
                         net (fo=6, routed)           0.720     0.931    sign_OBUF
    SLICE_X1Y68          LUT6 (Prop_lut6_I0_O)        0.045     0.976 r  exp_OBUF[1]_inst_i_1/O
                         net (fo=1, routed)           0.342     1.318    exp_OBUF[1]
    U17                  OBUF (Prop_obuf_I_O)         1.165     2.482 r  exp_OBUF[1]_inst/O
                         net (fo=0)                   0.000     2.482    exp[1]
    U17                                                               r  exp[1] (OUT)
  -------------------------------------------------------------------    -------------------

Slack:                    inf
  Source:                 posit_in[14]
                            (input port)
  Destination:            ss
                            (output port)
  Path Group:             (none)
  Path Type:              Min at Fast Process Corner
  Data Path Delay:        2.542ns  (logic 1.403ns (55.194%)  route 1.139ns (44.806%))
  Logic Levels:           3  (IBUF=1 LUT2=1 OBUF=1)

    Location             Delay type                Incr(ns)  Path(ns)    Netlist Resource(s)
  -------------------------------------------------------------------    -------------------
    T18                                               0.000     0.000 r  posit_in[14] (IN)
                         net (fo=0)                   0.000     0.000    posit_in[14]
    T18                  IBUF (Prop_ibuf_I_O)         0.211     0.211 r  posit_in_IBUF[14]_inst/O
                         net (fo=28, routed)          0.756     0.967    posit_in_IBUF[14]
    SLICE_X0Y71          LUT2 (Prop_lut2_I0_O)        0.045     1.012 r  ss_OBUF_inst_i_1/O
                         net (fo=1, routed)           0.383     1.395    ss_OBUF
    R16                  OBUF (Prop_obuf_I_O)         1.147     2.542 r  ss_OBUF_inst/O
                         net (fo=0)                   0.000     2.542    ss
    R16                                                               r  ss (OUT)
  -------------------------------------------------------------------    -------------------

Slack:                    inf
  Source:                 posit_in[3]
                            (input port)
  Destination:            mantissa[1]
                            (output port)
  Path Group:             (none)
  Path Type:              Min at Fast Process Corner
  Data Path Delay:        2.549ns  (logic 1.424ns (55.861%)  route 1.125ns (44.139%))
  Logic Levels:           3  (IBUF=1 LUT6=1 OBUF=1)

    Location             Delay type                Incr(ns)  Path(ns)    Netlist Resource(s)
  -------------------------------------------------------------------    -------------------
    P15                                               0.000     0.000 r  posit_in[3] (IN)
                         net (fo=0)                   0.000     0.000    posit_in[3]
    P15                  IBUF (Prop_ibuf_I_O)         0.193     0.193 r  posit_in_IBUF[3]_inst/O
                         net (fo=12, routed)          0.596     0.789    posit_in_IBUF[3]
    SLICE_X0Y68          LUT6 (Prop_lut6_I2_O)        0.045     0.834 r  mantissa_OBUF[1]_inst_i_1/O
                         net (fo=1, routed)           0.529     1.363    mantissa_OBUF[1]
    T10                  OBUF (Prop_obuf_I_O)         1.186     2.549 r  mantissa_OBUF[1]_inst/O
                         net (fo=0)                   0.000     2.549    mantissa[1]
    T10                                                               r  mantissa[1] (OUT)
  -------------------------------------------------------------------    -------------------

Slack:                    inf
  Source:                 posit_in[15]
                            (input port)
  Destination:            regime[1]
                            (output port)
  Path Group:             (none)
  Path Type:              Min at Fast Process Corner
  Data Path Delay:        2.560ns  (logic 1.426ns (55.693%)  route 1.134ns (44.307%))
  Logic Levels:           3  (IBUF=1 LUT4=1 OBUF=1)

    Location             Delay type                Incr(ns)  Path(ns)    Netlist Resource(s)
  -------------------------------------------------------------------    -------------------
    R18                                               0.000     0.000 r  posit_in[15] (IN)
                         net (fo=0)                   0.000     0.000    posit_in[15]
    R18                  IBUF (Prop_ibuf_I_O)         0.211     0.211 r  posit_in_IBUF[15]_inst/O
                         net (fo=6, routed)           0.731     0.942    sign_OBUF
    SLICE_X0Y70          LUT4 (Prop_lut4_I3_O)        0.045     0.987 r  regime_OBUF[1]_inst_i_1/O
                         net (fo=1, routed)           0.403     1.390    regime_OBUF[1]
    T11                  OBUF (Prop_obuf_I_O)         1.170     2.560 r  regime_OBUF[1]_inst/O
                         net (fo=0)                   0.000     2.560    regime[1]
    T11                                                               r  regime[1] (OUT)
  -------------------------------------------------------------------    -------------------

Slack:                    inf
  Source:                 posit_in[1]
                            (input port)
  Destination:            mantissa[0]
                            (output port)
  Path Group:             (none)
  Path Type:              Min at Fast Process Corner
  Data Path Delay:        2.575ns  (logic 1.421ns (55.172%)  route 1.154ns (44.828%))
  Logic Levels:           3  (IBUF=1 LUT5=1 OBUF=1)

    Location             Delay type                Incr(ns)  Path(ns)    Netlist Resource(s)
  -------------------------------------------------------------------    -------------------
    T14                                               0.000     0.000 r  posit_in[1] (IN)
                         net (fo=0)                   0.000     0.000    posit_in[1]
    T14                  IBUF (Prop_ibuf_I_O)         0.211     0.211 r  posit_in_IBUF[1]_inst/O
                         net (fo=12, routed)          0.352     0.562    posit_in_IBUF[1]
    SLICE_X0Y71          LUT5 (Prop_lut5_I3_O)        0.045     0.607 r  mantissa_OBUF[0]_inst_i_1/O
                         net (fo=2, routed)           0.802     1.410    mantissa_OBUF[0]
    R10                  OBUF (Prop_obuf_I_O)         1.165     2.575 r  mantissa_OBUF[0]_inst/O
                         net (fo=0)                   0.000     2.575    mantissa[0]
    R10                                                               r  mantissa[0] (OUT)
  -------------------------------------------------------------------    -------------------

Slack:                    inf
  Source:                 posit_in[3]
                            (input port)
  Destination:            mantissa[2]
                            (output port)
  Path Group:             (none)
  Path Type:              Min at Fast Process Corner
  Data Path Delay:        2.584ns  (logic 1.421ns (55.016%)  route 1.162ns (44.984%))
  Logic Levels:           3  (IBUF=1 LUT6=1 OBUF=1)

    Location             Delay type                Incr(ns)  Path(ns)    Netlist Resource(s)
  -------------------------------------------------------------------    -------------------
    P15                                               0.000     0.000 r  posit_in[3] (IN)
                         net (fo=0)                   0.000     0.000    posit_in[3]
    P15                  IBUF (Prop_ibuf_I_O)         0.193     0.193 r  posit_in_IBUF[3]_inst/O
                         net (fo=12, routed)          0.634     0.826    posit_in_IBUF[3]
    SLICE_X0Y68          LUT6 (Prop_lut6_I0_O)        0.045     0.871 r  mantissa_OBUF[2]_inst_i_1/O
                         net (fo=1, routed)           0.528     1.400    mantissa_OBUF[2]
    T9                   OBUF (Prop_obuf_I_O)         1.184     2.584 r  mantissa_OBUF[2]_inst/O
                         net (fo=0)                   0.000     2.584    mantissa[2]
    T9                                                                r  mantissa[2] (OUT)
  -------------------------------------------------------------------    -------------------

Slack:                    inf
  Source:                 posit_in[7]
                            (input port)
  Destination:            mantissa[8]
                            (output port)
  Path Group:             (none)
  Path Type:              Min at Fast Process Corner
  Data Path Delay:        2.606ns  (logic 1.455ns (55.828%)  route 1.151ns (44.172%))
  Logic Levels:           4  (IBUF=1 LUT4=1 LUT6=1 OBUF=1)

    Location             Delay type                Incr(ns)  Path(ns)    Netlist Resource(s)
  -------------------------------------------------------------------    -------------------
    N15                                               0.000     0.000 r  posit_in[7] (IN)
                         net (fo=0)                   0.000     0.000    posit_in[7]
    N15                  IBUF (Prop_ibuf_I_O)         0.177     0.177 r  posit_in_IBUF[7]_inst/O
                         net (fo=12, routed)          0.574     0.751    posit_in_IBUF[7]
    SLICE_X1Y70          LUT4 (Prop_lut4_I0_O)        0.045     0.796 r  mantissa_OBUF[8]_inst_i_2/O
                         net (fo=4, routed)           0.130     0.925    mantissa_OBUF[8]_inst_i_2_n_0
    SLICE_X0Y68          LUT6 (Prop_lut6_I1_O)        0.045     0.970 r  mantissa_OBUF[8]_inst_i_1/O
                         net (fo=1, routed)           0.447     1.418    mantissa_OBUF[8]
    V10                  OBUF (Prop_obuf_I_O)         1.188     2.606 r  mantissa_OBUF[8]_inst/O
                         net (fo=0)                   0.000     2.606    mantissa[8]
    V10                                                               r  mantissa[8] (OUT)
  -------------------------------------------------------------------    -------------------





